# Logfile created on Mon Jul 12 01:11:29 +0800 2010 by logger.rb/22285
  Parameters: {"commit"=>"Empty Cart", "authenticity_token"=>"H6UCf6D6tpAWsgcvwmE2NR/MwS2TCwVvRXJ7IEDmoPc="}
Redirected to http://localhost:3000/store
Completed in 21ms (DB: 0) | 302 Found [http://localhost/store/empty_cart]


Processing StoreController#index (for 127.0.0.1 at 2010-07-12 01:11:29) [GET]
  [4;35;1mProduct Load (0.6ms)[0m   [0mSELECT * FROM "products" ORDER BY title[0m
Rendering template within layouts/store
Rendering store/index
Rendered store/_cart (3.9ms)
Completed in 37ms (View: 25, DB: 1) | 200 OK [http://localhost/store]


Processing StoreController#add_to_cart (for 127.0.0.1 at 2010-07-12 01:11:34) [POST]
  Parameters: {"commit"=>"Add to Cart", "authenticity_token"=>"H6UCf6D6tpAWsgcvwmE2NR/MwS2TCwVvRXJ7IEDmoPc=", "id"=>"1"}
  [4;36;1mProduct Load (0.2ms)[0m   [0;1mSELECT * FROM "products" WHERE ("products"."id" = 1) [0m
Redirected to http://localhost:3000/store
Completed in 31ms (DB: 1) | 302 Found [http://localhost/store/add_to_cart/1]


Processing StoreController#index (for 127.0.0.1 at 2010-07-12 01:11:34) [GET]
  [4;35;1mProduct Load (0.6ms)[0m   [0mSELECT * FROM "products" ORDER BY title[0m
Rendering template within layouts/store
Rendering store/index
Rendered store/_cart_item (0.5ms)
Rendered store/_cart (2.8ms)
Completed in 34ms (View: 20, DB: 1) | 200 OK [http://localhost/store]


Processing StoreController#add_to_cart (for 127.0.0.1 at 2010-07-12 01:11:36) [POST]
  Parameters: {"x"=>"43", "y"=>"63", "authenticity_token"=>"H6UCf6D6tpAWsgcvwmE2NR/MwS2TCwVvRXJ7IEDmoPc=", "id"=>"1"}
  [4;36;1mProduct Load (7.5ms)[0m   [0;1mSELECT * FROM "products" WHERE ("products"."id" = 1) [0m
Redirected to http://localhost:3000/store
Completed in 42ms (DB: 8) | 302 Found [http://localhost/store/add_to_cart/1]


Processing StoreController#index (for 127.0.0.1 at 2010-07-12 01:11:36) [GET]
  [4;35;1mProduct Load (1.3ms)[0m   [0mSELECT * FROM "products" ORDER BY title[0m
Rendering template within layouts/store
Rendering store/index
Rendered store/_cart_item (0.5ms)
Rendered store/_cart (4.9ms)
Completed in 34ms (View: 19, DB: 1) | 200 OK [http://localhost/store]


Processing StoreController#add_to_cart (for 127.0.0.1 at 2010-07-12 01:11:42) [POST]
  Parameters: {"commit"=>"Add to Cart", "authenticity_token"=>"RMIeGfGGDzHjgbzOCFiS/ASFBxjFbyZWiSB1SRHbYow=", "id"=>"1", "_"=>""}
  [4;36;1mProduct Load (0.2ms)[0m   [0;1mSELECT * FROM "products" WHERE ("products"."id" = 1) [0m
Rendering store/add_to_cart
Rendered store/_cart_item (4.2ms)
Rendered store/_cart (6.9ms)
Completed in 78ms (View: 9, DB: 0) | 200 OK [http://localhost/store/add_to_cart/1]


Processing StoreController#add_to_cart (for 127.0.0.1 at 2010-07-12 01:11:43) [POST]
  Parameters: {"commit"=>"Add to Cart", "authenticity_token"=>"RMIeGfGGDzHjgbzOCFiS/ASFBxjFbyZWiSB1SRHbYow=", "id"=>"1", "_"=>""}
  [4;35;1mProduct Load (0.2ms)[0m   [0mSELECT * FROM "products" WHERE ("products"."id" = 1) [0m
Rendering store/add_to_cart
Rendered store/_cart_item (3.9ms)
Rendered store/_cart (6.4ms)
Completed in 22ms (View: 8, DB: 0) | 200 OK [http://localhost/store/add_to_cart/1]


Processing StoreController#add_to_cart (for 127.0.0.1 at 2010-07-12 01:11:45) [POST]
  Parameters: {"commit"=>"Add to Cart", "authenticity_token"=>"RMIeGfGGDzHjgbzOCFiS/ASFBxjFbyZWiSB1SRHbYow=", "id"=>"3", "_"=>""}
  [4;36;1mProduct Load (0.2ms)[0m   [0;1mSELECT * FROM "products" WHERE ("products"."id" = 3) [0m
Rendering store/add_to_cart
Rendered store/_cart_item (3.6ms)
Rendered store/_cart_item (0.5ms)
Rendered store/_cart (6.7ms)
Completed in 22ms (View: 8, DB: 0) | 200 OK [http://localhost/store/add_to_cart/3]


Processing StoreController#add_to_cart (for 127.0.0.1 at 2010-07-12 01:11:47) [POST]
  Parameters: {"commit"=>"Add to Cart", "authenticity_token"=>"RMIeGfGGDzHjgbzOCFiS/ASFBxjFbyZWiSB1SRHbYow=", "id"=>"1", "_"=>""}
  [4;35;1mProduct Load (0.2ms)[0m   [0mSELECT * FROM "products" WHERE ("products"."id" = 1) [0m
Rendering store/add_to_cart
Rendered store/_cart_item (3.8ms)
Rendered store/_cart_item (0.5ms)
Rendered store/_cart (6.9ms)
Completed in 22ms (View: 9, DB: 0) | 200 OK [http://localhost/store/add_to_cart/1]


Processing StoreController#empty_cart (for 127.0.0.1 at 2010-07-12 01:11:49) [POST]
  Parameters: {"commit"=>"Empty Cart", "authenticity_token"=>"RMIeGfGGDzHjgbzOCFiS/ASFBxjFbyZWiSB1SRHbYow=", "_"=>""}
Rendering store/empty_cart
Completed in 16ms (View: 4, DB: 0) | 200 OK [http://localhost/store/empty_cart]


Processing StoreController#index (for 127.0.0.1 at 2010-07-12 01:11:55) [GET]
  [4;36;1mProduct Load (0.6ms)[0m   [0;1mSELECT * FROM "products" ORDER BY title[0m
Rendering template within layouts/store
Rendering store/index
Rendered store/_cart (2.0ms)
Completed in 28ms (View: 19, DB: 1) | 200 OK [http://localhost/store]


Processing StoreController#index (for 127.0.0.1 at 2010-07-12 01:11:58) [GET]
  [4;35;1mProduct Load (0.6ms)[0m   [0mSELECT * FROM "products" ORDER BY title[0m
Rendering template within layouts/store
Rendering store/index
Rendered store/_cart (2.1ms)
Completed in 30ms (View: 17, DB: 1) | 200 OK [http://localhost/store]


Processing StoreController#index (for 127.0.0.1 at 2010-07-14 23:15:17) [GET]
  [4;36;1mProduct Load (0.9ms)[0m   [0;1mSELECT * FROM "products" ORDER BY title[0m
Rendering template within layouts/store
Rendering store/index
Rendered store/_cart (3.2ms)
Completed in 198ms (View: 84, DB: 1) | 200 OK [http://localhost/store]


Processing StoreController#add_to_cart (for 127.0.0.1 at 2010-07-14 23:15:21) [POST]
  Parameters: {"commit"=>"Add to Cart", "authenticity_token"=>"wnbF5u1BgYHvVKaUTtx3yVQOHs+A2z0Qso0CjCyxFNs=", "id"=>"1", "_"=>""}
  [4;35;1mProduct Load (0.2ms)[0m   [0mSELECT * FROM "products" WHERE ("products"."id" = 1) [0m
Rendering store/add_to_cart
Rendered store/_cart_item (21.5ms)
Rendered store/_cart (27.4ms)
Completed in 62ms (View: 41, DB: 0) | 200 OK [http://localhost/store/add_to_cart/1]


Processing StoreController#add_to_cart (for 127.0.0.1 at 2010-07-14 23:15:24) [POST]
  Parameters: {"commit"=>"Add to Cart", "authenticity_token"=>"wnbF5u1BgYHvVKaUTtx3yVQOHs+A2z0Qso0CjCyxFNs=", "id"=>"1", "_"=>""}
  [4;36;1mProduct Load (0.2ms)[0m   [0;1mSELECT * FROM "products" WHERE ("products"."id" = 1) [0m
Rendering store/add_to_cart
Rendered store/_cart_item (3.7ms)
Rendered store/_cart (7.8ms)
Completed in 27ms (View: 10, DB: 0) | 200 OK [http://localhost/store/add_to_cart/1]


Processing StoreController#empty_cart (for 127.0.0.1 at 2010-07-14 23:15:26) [POST]
  Parameters: {"commit"=>"Empty Cart", "authenticity_token"=>"wnbF5u1BgYHvVKaUTtx3yVQOHs+A2z0Qso0CjCyxFNs=", "_"=>""}
Rendering store/empty_cart
Completed in 32ms (View: 16, DB: 0) | 200 OK [http://localhost/store/empty_cart]
